2023-06-23 00:20:14.217 [info] Log level: Info
2023-06-23 00:20:14.217 [info] Validating found git in: "git"
2023-06-23 00:20:14.217 [info] Using git "2.41.0" from "git"
2023-06-23 00:22:42.423 [info] Log level: Info
2023-06-23 00:22:42.423 [info] Validating found git in: "git"
2023-06-23 00:22:42.423 [info] Using git "2.41.0" from "git"
2023-06-23 00:22:42.423 [info] > git rev-parse --show-toplevel [10ms]
2023-06-23 00:22:42.430 [info] > git rev-parse --git-dir --git-common-dir [3ms]
2023-06-23 00:22:42.441 [info] Open repository: /home/sharon/WorkDir/MachineLearning
2023-06-23 00:22:42.455 [info] > git rev-parse --show-toplevel [6ms]
2023-06-23 00:22:42.463 [info] > git rev-parse --show-toplevel [3ms]
2023-06-23 00:22:42.468 [info] > git config --get commit.template [13ms]
2023-06-23 00:22:42.469 [info] > git rev-parse --git-dir --git-common-dir [2ms]
2023-06-23 00:22:42.473 [info] Open repository: /home/sharon/WorkDir/MachineLearning/Machine-Learning-Specialization-Coursera
2023-06-23 00:22:42.494 [info] > git rev-parse --show-toplevel [13ms]
2023-06-23 00:22:42.501 [info] > git rev-parse --show-toplevel [3ms]
2023-06-23 00:22:42.504 [info] > git config --get commit.template [10ms]
2023-06-23 00:22:42.504 [info] > git for-each-ref --format=%(refname)%00%(upstream:short)%00%(objectname)%00%(upstream:track)%00%(upstream:remotename)%00%(upstream:remoteref) refs/heads/main refs/remotes/main [16ms]
2023-06-23 00:22:42.519 [info] > git for-each-ref --format=%(refname)%00%(upstream:short)%00%(objectname)%00%(upstream:track)%00%(upstream:remotename)%00%(upstream:remoteref) refs/heads/main refs/remotes/main [1ms]
2023-06-23 00:22:42.813 [info] > git status -z -uall [303ms]
2023-06-23 00:22:42.830 [info] > git config --get commit.template [1ms]
2023-06-23 00:22:42.832 [info] > git status -z -uall [307ms]
2023-06-23 00:22:42.852 [info] > git for-each-ref --format=%(refname)%00%(upstream:short)%00%(objectname)%00%(upstream:track)%00%(upstream:remotename)%00%(upstream:remoteref) refs/heads/main refs/remotes/main [6ms]
2023-06-23 00:22:42.858 [info] > git config --get commit.template [7ms]
2023-06-23 00:22:42.864 [info] > git for-each-ref --format=%(refname)%00%(upstream:short)%00%(objectname)%00%(upstream:track)%00%(upstream:remotename)%00%(upstream:remoteref) refs/heads/main refs/remotes/main [1ms]
2023-06-23 00:22:43.015 [info] > git check-ignore -v -z --stdin [8ms]
2023-06-23 00:22:43.016 [info] > git check-ignore -v -z --stdin [3ms]
2023-06-23 00:22:43.157 [info] > git status -z -uall [288ms]
2023-06-23 00:22:43.163 [info] > git status -z -uall [307ms]
2023-06-23 00:22:45.537 [info] > git check-ignore -v -z --stdin [9ms]
2023-06-23 00:22:45.538 [info] > git check-ignore -v -z --stdin [2ms]
2023-06-23 00:22:55.016 [info] > git check-ignore -v -z --stdin [1ms]
