2023-06-23 00:20:12.875 [info] Added views:workbench.panel.markers.view in workbench.panel.markers
2023-06-23 00:20:12.875 [info] Added views:workbench.panel.output in workbench.panel.output
2023-06-23 00:20:12.875 [info] Added views:terminal in terminal
2023-06-23 00:20:12.875 [info] Added views:outline in workbench.view.explorer
2023-06-23 00:20:12.875 [info] Added views:workbench.scm in workbench.view.scm
2023-06-23 00:20:12.875 [info] Added views:workbench.view.search in workbench.view.search
2023-06-23 00:20:12.875 [info] Added views:timeline in workbench.view.explorer
2023-06-23 00:20:12.875 [info] Added views:workbench.explorer.emptyView in workbench.view.explorer
2023-06-23 00:20:13.571 [info] Added views:workbench.debug.variablesView,workbench.debug.watchExpressionsView,workbench.debug.callStackView,workbench.debug.breakPointsView in workbench.view.debug
2023-06-23 00:20:13.633 [info] Added views:workbench.panel.repl.view in workbench.panel.repl
2023-06-23 00:20:13.635 [info] Removed views:workbench.debug.breakPointsView,workbench.debug.callStackView,workbench.debug.watchExpressionsView,workbench.debug.variablesView from workbench.view.debug
2023-06-23 00:20:13.636 [info] Added views:workbench.debug.welcome in workbench.view.debug
2023-06-23 00:21:07.589 [info] Added views:workbench.views.extensions.installed,workbench.views.extensions.popular,extensions.recommendedList in workbench.view.extensions
2023-06-23 00:21:07.591 [info] Removed views:workbench.views.extensions.popular from workbench.view.extensions
2023-06-23 00:21:08.040 [info] Added views:workbench.views.extensions.popular in workbench.view.extensions
2023-06-23 00:21:08.225 [info] Removed views:extensions.recommendedList,workbench.views.extensions.popular,workbench.views.extensions.installed from workbench.view.extensions
2023-06-23 00:21:08.242 [info] Added views:workbench.views.extensions.marketplace in workbench.view.extensions
2023-06-23 00:21:54.697 [info] Removed views:workbench.views.extensions.marketplace from workbench.view.extensions
2023-06-23 00:21:54.755 [info] Added views:workbench.views.extensions.installed,workbench.views.extensions.popular,extensions.recommendedList in workbench.view.extensions
2023-06-23 00:21:59.111 [info] Added views:workbench.view.testing in workbench.view.extension.test
2023-06-23 00:22:37.399 [info] Removed views:workbench.view.testing from workbench.view.extension.test
2023-06-23 00:22:38.201 [info] Added views:workbench.panel.markers.view in workbench.panel.markers
2023-06-23 00:22:38.201 [info] Added views:workbench.panel.output in workbench.panel.output
2023-06-23 00:22:38.201 [info] Added views:terminal in terminal
2023-06-23 00:22:38.202 [info] Added views:outline in workbench.view.explorer
2023-06-23 00:22:38.202 [info] Added views:workbench.scm in workbench.view.scm
2023-06-23 00:22:38.202 [info] Added views:workbench.view.search in workbench.view.search
2023-06-23 00:22:38.202 [info] Added views:timeline in workbench.view.explorer
2023-06-23 00:22:38.202 [info] Added views:workbench.explorer.fileView in workbench.view.explorer
2023-06-23 00:22:38.823 [info] Added views:workbench.debug.variablesView,workbench.debug.watchExpressionsView,workbench.debug.callStackView,workbench.debug.breakPointsView in workbench.view.debug
2023-06-23 00:22:38.863 [info] Added views:workbench.panel.repl.view in workbench.panel.repl
2023-06-23 00:22:38.865 [info] Removed views:workbench.debug.breakPointsView,workbench.debug.callStackView,workbench.debug.watchExpressionsView,workbench.debug.variablesView from workbench.view.debug
2023-06-23 00:22:38.866 [info] Added views:workbench.debug.welcome in workbench.view.debug
2023-06-23 00:22:58.257 [info] Added views:jupyterViewVariables in workbench.view.extension.jupyter-variables
2023-06-23 00:22:58.320 [info] Added views:cell-tag in workbench.view.extension.jupyter-variables
2023-06-23 00:22:58.837 [info] Added views:workbench.view.testing in workbench.view.extension.test
