2023-06-23 00:30:58.354 [info] Experiment 'pythonPromptNewFormatterExt' is active
2023-06-23 00:30:58.354 [info] Experiment 'pythonPromptNewToolsExt' is active
2023-06-23 00:30:58.354 [info] Test server listening.
2023-06-23 00:30:58.354 [info] > conda info --json
2023-06-23 00:30:58.354 [info] Python interpreter path: /bin/python
2023-06-23 00:30:58.354 [info] Found: /bin/python --> /bin/python3.11
2023-06-23 00:30:58.354 [info] Found: /bin/python3 --> /bin/python3.11
2023-06-23 00:30:58.354 [info] Found: /bin/python3.11 --> /bin/python3.11
2023-06-23 00:30:58.354 [info] Found: /sbin/python --> /sbin/python3.11
2023-06-23 00:30:58.354 [info] Found: /sbin/python3 --> /sbin/python3.11
2023-06-23 00:30:58.354 [info] Found: /sbin/python3.11 --> /sbin/python3.11
2023-06-23 00:30:58.354 [info] Found: /usr/bin/python --> /usr/bin/python3.11
2023-06-23 00:30:58.354 [info] Found: /usr/bin/python3 --> /usr/bin/python3.11
2023-06-23 00:30:58.354 [info] Found: /usr/bin/python3.11 --> /usr/bin/python3.11
2023-06-23 00:30:58.354 [info] Found: /usr/sbin/python --> /usr/sbin/python3.11
2023-06-23 00:30:58.354 [info] Found: /usr/sbin/python3 --> /usr/sbin/python3.11
2023-06-23 00:30:58.354 [info] Found: /usr/sbin/python3.11 --> /usr/sbin/python3.11
2023-06-23 00:30:58.354 [info] > /bin/python -I ~/.vscode/extensions/ms-python.python-2023.10.1/pythonFiles/get_output_via_markers.py ~/.vscode/extensions/ms-python.python-2023.10.1/pythonFiles/interpreterInfo.py
2023-06-23 00:30:58.381 [info] > /sbin/python -I ~/.vscode/extensions/ms-python.python-2023.10.1/pythonFiles/get_output_via_markers.py ~/.vscode/extensions/ms-python.python-2023.10.1/pythonFiles/interpreterInfo.py
2023-06-23 00:30:58.449 [info] > /usr/bin/python -I ~/.vscode/extensions/ms-python.python-2023.10.1/pythonFiles/get_output_via_markers.py ~/.vscode/extensions/ms-python.python-2023.10.1/pythonFiles/interpreterInfo.py
2023-06-23 00:30:58.559 [info] > /usr/sbin/python -I ~/.vscode/extensions/ms-python.python-2023.10.1/pythonFiles/get_output_via_markers.py ~/.vscode/extensions/ms-python.python-2023.10.1/pythonFiles/interpreterInfo.py
2023-06-23 00:31:00.232 [info] Starting Pylance language server.
