2023-06-23 00:46:19.728 [info] [Info  - 00:46:19] (5619) Pylance language server 2023.6.30 (pyright ae795f5b) starting
2023-06-23 00:46:19.729 [info] [Info  - 00:46:19] (5619) Server root directory: /home/sharon/.vscode/extensions/ms-python.vscode-pylance-2023.6.30/dist
2023-06-23 00:46:19.736 [info] [Info  - 00:46:19] (5619) Starting service instance "MachineLearning"
2023-06-23 00:46:19.814 [info] [Info  - 00:46:19] (5619) Setting pythonPath for service "MachineLearning": "/bin/python"
2023-06-23 00:46:19.820 [info] [Warn  - 00:46:19] (5619) stubPath /home/sharon/WorkDir/MachineLearning/typings is not a valid directory.
2023-06-23 00:46:19.873 [info] [Info  - 00:46:19] (5619) Assuming Python version 3.11
2023-06-23 00:46:20.150 [info] [Info  - 00:46:20] (5619) Found 45 source files
2023-06-23 00:46:20.227 [info] [Info  - 00:46:20] (5619) Setting pythonPath for service "MachineLearning": "/bin/python"
2023-06-23 00:46:20.232 [info] [Warn  - 00:46:20] (5619) stubPath /home/sharon/WorkDir/MachineLearning/typings is not a valid directory.
2023-06-23 00:46:20.275 [info] [Info  - 00:46:20] (5619) Assuming Python version 3.11
2023-06-23 00:46:20.402 [info] [Info  - 00:46:20] (5619) Found 45 source files
2023-06-23 00:46:20.416 [info] [Info  - 00:46:20] (5619) Starting service instance "MachineLearning"
2023-06-23 00:46:20.550 [info] [Info  - 00:46:20] (5619) Skipping django stubs download because package is not installed.
2023-06-23 00:46:20.554 [info] [Info  - 00:46:20] (5619) Background analysis(1) root directory: /home/sharon/.vscode/extensions/ms-python.vscode-pylance-2023.6.30/dist
2023-06-23 00:46:20.554 [info] [Info  - 00:46:20] (5619) Background analysis(1) started
2023-06-23 00:46:20.581 [info] [Warn  - 00:46:20] (5619) stubPath /home/sharon/WorkDir/MachineLearning/typings is not a valid directory.
2023-06-23 00:46:20.832 [info] [Info  - 00:46:20] (5619) Found 45 source files
2023-06-23 00:46:20.970 [info] [Info  - 00:46:20] (5619) Skipping django stubs download because package is not installed.
2023-06-23 00:46:21.628 [info] [Info  - 00:46:21] (5619) Background analysis(2) root directory: /home/sharon/.vscode/extensions/ms-python.vscode-pylance-2023.6.30/dist
2023-06-23 00:46:21.628 [info] [Info  - 00:46:21] (5619) Background analysis(2) started
2023-06-23 00:46:21.929 [info] [Info  - 00:46:21] (5619) Indexer background runner(3) root directory: /home/sharon/.vscode/extensions/ms-python.vscode-pylance-2023.6.30/dist (index)
2023-06-23 00:46:21.929 [info] [Info  - 00:46:21] (5619) Indexing(3) started
2023-06-23 00:46:22.775 [info] [Info  - 00:46:22] (5619) scanned(3) 108 files over 1 exec env
2023-06-23 00:46:25.342 [info] [Info  - 00:46:25] (5619) [IDX(3)] Long operation: index execution environment /home/sharon/WorkDir/MachineLearning (2489ms)
2023-06-23 00:46:25.342 [info] [Info  - 00:46:25] (5619) [IDX(3)] Long operation: index packages /home/sharon/WorkDir/MachineLearning (2502ms)
2023-06-23 00:46:25.342 [info] [Info  - 00:46:25] (5619) indexed(3) 69 files over 1 exec env
2023-06-23 00:46:25.354 [info] [Info  - 00:46:25] (5619) Indexing finished(3).
2023-06-23 00:48:36.562 [info] [Info  - 00:48:36] (5619) Starting service instance "MachineLearning"
2023-06-23 00:48:36.574 [info] [Warn  - 00:48:36] (5619) stubPath /home/sharon/WorkDir/MachineLearning/typings is not a valid directory.
2023-06-23 00:48:36.783 [info] [Info  - 00:48:36] (5619) Found 45 source files
2023-06-23 00:48:36.857 [info] [Info  - 00:48:36] (5619) Skipping django stubs download because package is not installed.
2023-06-23 00:48:37.257 [info] [Info  - 00:48:37] (5619) Background analysis(4) root directory: /home/sharon/.vscode/extensions/ms-python.vscode-pylance-2023.6.30/dist
2023-06-23 00:48:37.260 [info] [Info  - 00:48:37] (5619) Background analysis(4) started
2023-06-23 00:48:37.587 [info] [Info  - 00:48:37] (5619) Indexer background runner(5) root directory: /home/sharon/.vscode/extensions/ms-python.vscode-pylance-2023.6.30/dist (index)
2023-06-23 00:48:37.588 [info] [Info  - 00:48:37] (5619) Indexing(5) started
2023-06-23 00:48:38.256 [info] [Info  - 00:48:38] (5619) scanned(5) 108 files over 1 exec env
2023-06-23 00:48:40.895 [info] [Info  - 00:48:40] (5619) [IDX(5)] Long operation: index execution environment /home/sharon/WorkDir/MachineLearning (2535ms)
2023-06-23 00:48:40.895 [info] [Info  - 00:48:40] (5619) [IDX(5)] Long operation: index packages /home/sharon/WorkDir/MachineLearning (2545ms)
2023-06-23 00:48:40.895 [info] [Info  - 00:48:40] (5619) indexed(5) 69 files over 1 exec env
2023-06-23 00:48:40.904 [info] [Info  - 00:48:40] (5619) Indexing finished(5).
2023-06-23 00:48:41.479 [info] [Info  - 00:48:41] (5619) [BG(4)] Long operation: checking: /home/sharon/WorkDir/MachineLearning/Machine-Learning-Specialization-Coursera/C2 - Advanced Learning Algorithms/week1/optional-labs/C2_W1_Lab02_CoffeeRoasting_TF.ipynb:pylance-notebook-cell:X10sZmlsZQ==.py (2090ms)
2023-06-23 00:48:41.479 [info] [Info  - 00:48:41] (5619) [BG(4)] Long operation: analyzing: /home/sharon/WorkDir/MachineLearning/Machine-Learning-Specialization-Coursera/C2 - Advanced Learning Algorithms/week1/optional-labs/C2_W1_Lab02_CoffeeRoasting_TF.ipynb:pylance-notebook-cell:X10sZmlsZQ==.py (2091ms)
2023-06-23 00:48:46.229 [info] [Info  - 00:48:46] (5619) Starting service instance "MachineLearning"
2023-06-23 00:48:46.245 [info] [Warn  - 00:48:46] (5619) stubPath /home/sharon/WorkDir/MachineLearning/typings is not a valid directory.
2023-06-23 00:48:46.438 [info] [Info  - 00:48:46] (5619) Found 45 source files
2023-06-23 00:48:46.548 [info] [Info  - 00:48:46] (5619) Skipping django stubs download because package is not installed.
2023-06-23 00:48:46.810 [info] [Info  - 00:48:46] (5619) Background analysis(6) root directory: /home/sharon/.vscode/extensions/ms-python.vscode-pylance-2023.6.30/dist
2023-06-23 00:48:46.813 [info] [Info  - 00:48:46] (5619) Background analysis(6) started
2023-06-23 00:48:47.098 [info] [Info  - 00:48:47] (5619) Indexer background runner(7) root directory: /home/sharon/.vscode/extensions/ms-python.vscode-pylance-2023.6.30/dist (index)
2023-06-23 00:48:47.098 [info] [Info  - 00:48:47] (5619) Indexing(7) started
2023-06-23 00:48:47.570 [info] [Info  - 00:48:47] (5619) scanned(7) 108 files over 1 exec env
2023-06-23 00:48:49.881 [info] [Info  - 00:48:49] (5619) [IDX(7)] Long operation: index execution environment /home/sharon/WorkDir/MachineLearning (2246ms)
2023-06-23 00:48:49.881 [info] [Info  - 00:48:49] (5619) [IDX(7)] Long operation: index packages /home/sharon/WorkDir/MachineLearning (2251ms)
2023-06-23 00:48:49.881 [info] [Info  - 00:48:49] (5619) indexed(7) 69 files over 1 exec env
2023-06-23 00:48:49.896 [info] [Info  - 00:48:49] (5619) Indexing finished(7).
2023-06-23 00:48:52.916 [info] [Info  - 00:48:52] (5619) Indexer background runner(8) root directory: /home/sharon/.vscode/extensions/ms-python.vscode-pylance-2023.6.30/dist (index)
2023-06-23 00:48:52.916 [info] [Info  - 00:48:52] (5619) Indexing(8) started
2023-06-23 00:48:53.771 [info] [Info  - 00:48:53] (5619) scanned(8) 108 files over 1 exec env
2023-06-23 00:48:55.369 [info] [Info  - 00:48:55] (5619) indexed(8) 69 files over 1 exec env
2023-06-23 00:48:55.376 [info] [Info  - 00:48:55] (5619) Indexing finished(8).
