Visual Studio Code (1.79.2, undefined, desktop)
Jupyter Extension Version: 2023.5.1101742258.
Python Extension Version: 2023.10.1.
Platform: linux (x64).
Workspace folder ~/WorkDir/MachineLearning, Home = /home/sharon
00:22:58.029 [info] Start refreshing Interpreter Kernel Picker (1687459978029)
00:22:58.042 [info] Using Pylance
00:22:59.150 [warn] Failed to get activated env vars for /bin/python in 386ms
00:22:59.169 [info] Process Execution: /bin/python -c "import site;print("USER_BASE_VALUE");print(site.USER_BASE);print("USER_BASE_VALUE");"
00:22:59.228 [info] Process Execution: /bin/python -m pip list
00:23:00.515 [info] End refreshing Interpreter Kernel Picker (1687459978029)
00:23:00.912 [warn] No interpreter for Pylance for Notebook URI "~/WorkDir/MachineLearning/jupyter/salary.ipynb"
00:23:05.823 [error] Failed to parse remote URI http://localhost:8888/?token=0859913b4243078815214e31218123a9f99d375f132c652d [Error: Invalid remote URI
	at qr (~/.vscode/extensions/ms-toolsai.jupyter-2023.5.1101742258-linux-x64/out/extension.node.js:2:1694598)
	at hk.parseUri (~/.vscode/extensions/ms-toolsai.jupyter-2023.5.1101742258-linux-x64/out/extension.node.js:24:530090)
	at ~/.vscode/extensions/ms-toolsai.jupyter-2023.5.1101742258-linux-x64/out/extension.node.js:24:528878
	at b.invoke (/opt/visual-studio-code/resources/app/out/vs/workbench/api/node/extensionHostProcess.js:63:145)
	at d.deliver (/opt/visual-studio-code/resources/app/out/vs/workbench/api/node/extensionHostProcess.js:63:2121)
	at n.fire (/opt/visual-studio-code/resources/app/out/vs/workbench/api/node/extensionHostProcess.js:63:1729)
	at f._fireDidAccept (/opt/visual-studio-code/resources/app/out/vs/workbench/api/node/extensionHostProcess.js:101:114142)
	at E.$onDidAccept (/opt/visual-studio-code/resources/app/out/vs/workbench/api/node/extensionHostProcess.js:101:112352)
	at s.N (/opt/visual-studio-code/resources/app/out/vs/workbench/api/node/extensionHostProcess.js:111:11717)
	at s.M (/opt/visual-studio-code/resources/app/out/vs/workbench/api/node/extensionHostProcess.js:111:11435)
	at s.H (/opt/visual-studio-code/resources/app/out/vs/workbench/api/node/extensionHostProcess.js:111:10516)
	at s.G (/opt/visual-studio-code/resources/app/out/vs/workbench/api/node/extensionHostProcess.js:111:9494)
	at /opt/visual-studio-code/resources/app/out/vs/workbench/api/node/extensionHostProcess.js:111:8282
	at b.invoke (/opt/visual-studio-code/resources/app/out/vs/workbench/api/node/extensionHostProcess.js:63:145)
	at d.deliver (/opt/visual-studio-code/resources/app/out/vs/workbench/api/node/extensionHostProcess.js:63:2121)
	at n.fire (/opt/visual-studio-code/resources/app/out/vs/workbench/api/node/extensionHostProcess.js:63:1729)
	at p.fire (/opt/visual-studio-code/resources/app/out/vs/workbench/api/node/extensionHostProcess.js:73:14783)
	at /opt/visual-studio-code/resources/app/out/vs/workbench/api/node/extensionHostProcess.js:127:32461
	at b.invoke (/opt/visual-studio-code/resources/app/out/vs/workbench/api/node/extensionHostProcess.js:63:145)
	at d.deliver (/opt/visual-studio-code/resources/app/out/vs/workbench/api/node/extensionHostProcess.js:63:2121)
	at n.fire (/opt/visual-studio-code/resources/app/out/vs/workbench/api/node/extensionHostProcess.js:63:1729)
	at p.fire (/opt/visual-studio-code/resources/app/out/vs/workbench/api/node/extensionHostProcess.js:73:14783)
	at MessagePortMain.<anonymous> (/opt/visual-studio-code/resources/app/out/vs/workbench/api/node/extensionHostProcess.js:127:30587)
	at MessagePortMain.emit (node:events:513:28)
	at MessagePortMain._internalPort.emit (node:electron/js2c/utility_init:2:367)]
00:24:50.015 [error] Failed to parse remote URI http://localhost:8888/?token=d2983f3cde19f00f054009a6a26b4094019b2e1085ad6a6c [Error: Invalid remote URI
	at qr (~/.vscode/extensions/ms-toolsai.jupyter-2023.5.1101742258-linux-x64/out/extension.node.js:2:1694598)
	at hk.parseUri (~/.vscode/extensions/ms-toolsai.jupyter-2023.5.1101742258-linux-x64/out/extension.node.js:24:530090)
	at ~/.vscode/extensions/ms-toolsai.jupyter-2023.5.1101742258-linux-x64/out/extension.node.js:24:528878
	at b.invoke (/opt/visual-studio-code/resources/app/out/vs/workbench/api/node/extensionHostProcess.js:63:145)
	at d.deliver (/opt/visual-studio-code/resources/app/out/vs/workbench/api/node/extensionHostProcess.js:63:2121)
	at n.fire (/opt/visual-studio-code/resources/app/out/vs/workbench/api/node/extensionHostProcess.js:63:1729)
	at f._fireDidAccept (/opt/visual-studio-code/resources/app/out/vs/workbench/api/node/extensionHostProcess.js:101:114142)
	at E.$onDidAccept (/opt/visual-studio-code/resources/app/out/vs/workbench/api/node/extensionHostProcess.js:101:112352)
	at s.N (/opt/visual-studio-code/resources/app/out/vs/workbench/api/node/extensionHostProcess.js:111:11717)
	at s.M (/opt/visual-studio-code/resources/app/out/vs/workbench/api/node/extensionHostProcess.js:111:11435)
	at s.H (/opt/visual-studio-code/resources/app/out/vs/workbench/api/node/extensionHostProcess.js:111:10516)
	at s.G (/opt/visual-studio-code/resources/app/out/vs/workbench/api/node/extensionHostProcess.js:111:9494)
	at /opt/visual-studio-code/resources/app/out/vs/workbench/api/node/extensionHostProcess.js:111:8282
	at b.invoke (/opt/visual-studio-code/resources/app/out/vs/workbench/api/node/extensionHostProcess.js:63:145)
	at d.deliver (/opt/visual-studio-code/resources/app/out/vs/workbench/api/node/extensionHostProcess.js:63:2121)
	at n.fire (/opt/visual-studio-code/resources/app/out/vs/workbench/api/node/extensionHostProcess.js:63:1729)
	at p.fire (/opt/visual-studio-code/resources/app/out/vs/workbench/api/node/extensionHostProcess.js:73:14783)
	at /opt/visual-studio-code/resources/app/out/vs/workbench/api/node/extensionHostProcess.js:127:32461
	at b.invoke (/opt/visual-studio-code/resources/app/out/vs/workbench/api/node/extensionHostProcess.js:63:145)
	at d.deliver (/opt/visual-studio-code/resources/app/out/vs/workbench/api/node/extensionHostProcess.js:63:2121)
	at n.fire (/opt/visual-studio-code/resources/app/out/vs/workbench/api/node/extensionHostProcess.js:63:1729)
	at p.fire (/opt/visual-studio-code/resources/app/out/vs/workbench/api/node/extensionHostProcess.js:73:14783)
	at MessagePortMain.<anonymous> (/opt/visual-studio-code/resources/app/out/vs/workbench/api/node/extensionHostProcess.js:127:30587)
	at MessagePortMain.emit (node:events:513:28)
	at MessagePortMain._internalPort.emit (node:electron/js2c/utility_init:2:367)]
00:25:49.085 [error] Failed to parse remote URI http://localhost:8888/?token=d2983f3cde19f00f054009a6a26b4094019b2e1085ad6a6c [Error: Invalid remote URI
	at qr (~/.vscode/extensions/ms-toolsai.jupyter-2023.5.1101742258-linux-x64/out/extension.node.js:2:1694598)
	at hk.parseUri (~/.vscode/extensions/ms-toolsai.jupyter-2023.5.1101742258-linux-x64/out/extension.node.js:24:530090)
	at ~/.vscode/extensions/ms-toolsai.jupyter-2023.5.1101742258-linux-x64/out/extension.node.js:24:528878
	at b.invoke (/opt/visual-studio-code/resources/app/out/vs/workbench/api/node/extensionHostProcess.js:63:145)
	at d.deliver (/opt/visual-studio-code/resources/app/out/vs/workbench/api/node/extensionHostProcess.js:63:2121)
	at n.fire (/opt/visual-studio-code/resources/app/out/vs/workbench/api/node/extensionHostProcess.js:63:1729)
	at f._fireDidAccept (/opt/visual-studio-code/resources/app/out/vs/workbench/api/node/extensionHostProcess.js:101:114142)
	at E.$onDidAccept (/opt/visual-studio-code/resources/app/out/vs/workbench/api/node/extensionHostProcess.js:101:112352)
	at s.N (/opt/visual-studio-code/resources/app/out/vs/workbench/api/node/extensionHostProcess.js:111:11717)
	at s.M (/opt/visual-studio-code/resources/app/out/vs/workbench/api/node/extensionHostProcess.js:111:11435)
	at s.H (/opt/visual-studio-code/resources/app/out/vs/workbench/api/node/extensionHostProcess.js:111:10516)
	at s.G (/opt/visual-studio-code/resources/app/out/vs/workbench/api/node/extensionHostProcess.js:111:9494)
	at /opt/visual-studio-code/resources/app/out/vs/workbench/api/node/extensionHostProcess.js:111:8282
	at b.invoke (/opt/visual-studio-code/resources/app/out/vs/workbench/api/node/extensionHostProcess.js:63:145)
	at d.deliver (/opt/visual-studio-code/resources/app/out/vs/workbench/api/node/extensionHostProcess.js:63:2121)
	at n.fire (/opt/visual-studio-code/resources/app/out/vs/workbench/api/node/extensionHostProcess.js:63:1729)
	at p.fire (/opt/visual-studio-code/resources/app/out/vs/workbench/api/node/extensionHostProcess.js:73:14783)
	at /opt/visual-studio-code/resources/app/out/vs/workbench/api/node/extensionHostProcess.js:127:32461
	at b.invoke (/opt/visual-studio-code/resources/app/out/vs/workbench/api/node/extensionHostProcess.js:63:145)
	at d.deliver (/opt/visual-studio-code/resources/app/out/vs/workbench/api/node/extensionHostProcess.js:63:2121)
	at n.fire (/opt/visual-studio-code/resources/app/out/vs/workbench/api/node/extensionHostProcess.js:63:1729)
	at p.fire (/opt/visual-studio-code/resources/app/out/vs/workbench/api/node/extensionHostProcess.js:73:14783)
	at MessagePortMain.<anonymous> (/opt/visual-studio-code/resources/app/out/vs/workbench/api/node/extensionHostProcess.js:127:30587)
	at MessagePortMain.emit (node:events:513:28)
	at MessagePortMain._internalPort.emit (node:electron/js2c/utility_init:2:367)]
