2023-06-23 00:30:56.870 [info] Log level: Info
2023-06-23 00:30:56.870 [info] Validating found git in: "git"
2023-06-23 00:30:56.870 [info] Using git "2.41.0" from "git"
2023-06-23 00:30:56.870 [info] > git rev-parse --show-toplevel [273ms]
2023-06-23 00:30:56.882 [info] > git rev-parse --git-dir --git-common-dir [3ms]
2023-06-23 00:30:56.898 [info] Open repository: /home/sharon/WorkDir/MachineLearning
2023-06-23 00:30:56.934 [info] > git rev-parse --show-toplevel [24ms]
2023-06-23 00:30:56.952 [info] > git config --get commit.template [18ms]
2023-06-23 00:30:56.977 [info] > git rev-parse --show-toplevel [26ms]
2023-06-23 00:30:56.995 [info] > git rev-parse --git-dir --git-common-dir [2ms]
2023-06-23 00:30:57.009 [info] Open repository: /home/sharon/WorkDir/MachineLearning/Machine-Learning-Specialization-Coursera
2023-06-23 00:30:57.024 [info] > git for-each-ref --format=%(refname)%00%(upstream:short)%00%(objectname)%00%(upstream:track)%00%(upstream:remotename)%00%(upstream:remoteref) refs/heads/main refs/remotes/main [52ms]
2023-06-23 00:30:57.054 [info] > git rev-parse --show-toplevel [30ms]
2023-06-23 00:30:57.072 [info] > git config --get commit.template [19ms]
2023-06-23 00:30:57.092 [info] > git rev-parse --show-toplevel [24ms]
2023-06-23 00:30:57.143 [info] > git for-each-ref --format=%(refname)%00%(upstream:short)%00%(objectname)%00%(upstream:track)%00%(upstream:remotename)%00%(upstream:remoteref) refs/heads/main refs/remotes/main [33ms]
2023-06-23 00:30:57.795 [info] > git status -z -uall [756ms]
2023-06-23 00:30:57.795 [info] > git status -z -uall [639ms]
2023-06-23 00:30:57.886 [info] > git config --get commit.template [9ms]
2023-06-23 00:30:57.886 [info] > git config --get commit.template [26ms]
2023-06-23 00:30:58.171 [info] > git check-ignore -v -z --stdin [52ms]
2023-06-23 00:30:58.173 [info] > git check-ignore -v -z --stdin [42ms]
2023-06-23 00:30:58.181 [info] > git for-each-ref --format=%(refname)%00%(upstream:short)%00%(objectname)%00%(upstream:track)%00%(upstream:remotename)%00%(upstream:remoteref) refs/heads/main refs/remotes/main [15ms]
2023-06-23 00:30:58.188 [info] > git for-each-ref --format=%(refname)%00%(upstream:short)%00%(objectname)%00%(upstream:track)%00%(upstream:remotename)%00%(upstream:remoteref) refs/heads/main refs/remotes/main [38ms]
2023-06-23 00:30:58.621 [info] > git status -z -uall [434ms]
2023-06-23 00:30:58.661 [info] > git status -z -uall [464ms]
2023-06-23 00:36:37.472 [info] > git check-ignore -v -z --stdin [1ms]
2023-06-23 00:36:38.965 [info] > git check-ignore -v -z --stdin [1ms]
2023-06-23 00:36:41.217 [info] > git check-ignore -v -z --stdin [1ms]
2023-06-23 00:36:45.742 [info] > git check-ignore -v -z --stdin [1ms]
2023-06-23 00:36:49.746 [info] > git check-ignore -v -z --stdin [1ms]
