2023-06-23 00:46:16.679 [info] Log level: Info
2023-06-23 00:46:16.679 [info] Validating found git in: "git"
2023-06-23 00:46:16.679 [info] Using git "2.41.0" from "git"
2023-06-23 00:46:16.679 [info] > git rev-parse --show-toplevel [132ms]
2023-06-23 00:46:16.697 [info] > git rev-parse --git-dir --git-common-dir [8ms]
2023-06-23 00:46:16.710 [info] Open repository: /home/sharon/WorkDir/MachineLearning
2023-06-23 00:46:16.745 [info] > git rev-parse --show-toplevel [26ms]
2023-06-23 00:46:16.758 [info] > git rev-parse --show-toplevel [7ms]
2023-06-23 00:46:16.774 [info] > git config --get commit.template [41ms]
2023-06-23 00:46:16.776 [info] > git rev-parse --git-dir --git-common-dir [3ms]
2023-06-23 00:46:16.780 [info] Open repository: /home/sharon/WorkDir/MachineLearning/Machine-Learning-Specialization-Coursera
2023-06-23 00:46:16.821 [info] > git config --get commit.template [5ms]
2023-06-23 00:46:16.822 [info] > git for-each-ref --format=%(refname)%00%(upstream:short)%00%(objectname)%00%(upstream:track)%00%(upstream:remotename)%00%(upstream:remoteref) refs/heads/main refs/remotes/main [23ms]
2023-06-23 00:46:16.834 [info] > git rev-parse --show-toplevel [45ms]
2023-06-23 00:46:16.854 [info] > git rev-parse --show-toplevel [10ms]
2023-06-23 00:46:16.859 [info] > git for-each-ref --format=%(refname)%00%(upstream:short)%00%(objectname)%00%(upstream:track)%00%(upstream:remotename)%00%(upstream:remoteref) refs/heads/main refs/remotes/main [7ms]
2023-06-23 00:46:17.540 [info] > git status -z -uall [707ms]
2023-06-23 00:46:17.540 [info] > git status -z -uall [668ms]
2023-06-23 00:46:17.641 [info] > git config --get commit.template [8ms]
2023-06-23 00:46:17.641 [info] > git config --get commit.template [15ms]
2023-06-23 00:46:17.710 [info] > git for-each-ref --format=%(refname)%00%(upstream:short)%00%(objectname)%00%(upstream:track)%00%(upstream:remotename)%00%(upstream:remoteref) refs/heads/main refs/remotes/main [31ms]
2023-06-23 00:46:17.730 [info] > git for-each-ref --format=%(refname)%00%(upstream:short)%00%(objectname)%00%(upstream:track)%00%(upstream:remotename)%00%(upstream:remoteref) refs/heads/main refs/remotes/main [63ms]
2023-06-23 00:46:17.904 [info] > git check-ignore -v -z --stdin [34ms]
2023-06-23 00:46:17.906 [info] > git check-ignore -v -z --stdin [19ms]
2023-06-23 00:46:18.119 [info] > git status -z -uall [390ms]
2023-06-23 00:46:18.180 [info] > git status -z -uall [432ms]
2023-06-23 00:48:52.539 [info] > git show --textconv :C2 - Advanced Learning Algorithms/week1/optional-labs/lab_neurons_utils.py [22ms]
2023-06-23 00:48:52.546 [info] > git ls-files --stage -- /home/sharon/WorkDir/MachineLearning/Machine-Learning-Specialization-Coursera/C2 - Advanced Learning Algorithms/week1/optional-labs/lab_neurons_utils.py [8ms]
2023-06-23 00:48:52.563 [info] > git cat-file -s b9592279b5be5632b9431464b8df8e9ea9413b2a [3ms]
