Visual Studio Code (1.79.2, undefined, desktop)
Jupyter Extension Version: 2023.5.1101742258.
Python Extension Version: 2023.10.1.
Platform: linux (x64).
Workspace folder ~/WorkDir/MachineLearning, Home = /home/sharon
00:30:56.805 [info] Start refreshing Interpreter Kernel Picker (1687460456805)
00:30:56.819 [info] Using Pylance
00:30:58.513 [warn] Failed to get activated env vars for /bin/python in 739ms
00:30:58.541 [info] Process Execution: /bin/python -c "import site;print("USER_BASE_VALUE");print(site.USER_BASE);print("USER_BASE_VALUE");"
00:30:58.607 [info] Process Execution: /bin/python -m pip list
00:30:59.683 [info] End refreshing Interpreter Kernel Picker (1687460456805)
00:31:00.270 [warn] No interpreter for Pylance for Notebook URI "~/WorkDir/MachineLearning/jupyter/salary.ipynb"
00:31:14.465 [error] Failed to parse remote URI http://localhost:8888/?token=5d7f9ae5bf2ca9192c7a7631747c207753f4a93c9284906c [Error: Invalid remote URI
	at qr (~/.vscode/extensions/ms-toolsai.jupyter-2023.5.1101742258-linux-x64/out/extension.node.js:2:1694598)
	at hk.parseUri (~/.vscode/extensions/ms-toolsai.jupyter-2023.5.1101742258-linux-x64/out/extension.node.js:24:530090)
	at ~/.vscode/extensions/ms-toolsai.jupyter-2023.5.1101742258-linux-x64/out/extension.node.js:24:528878
	at b.invoke (/opt/visual-studio-code/resources/app/out/vs/workbench/api/node/extensionHostProcess.js:63:145)
	at d.deliver (/opt/visual-studio-code/resources/app/out/vs/workbench/api/node/extensionHostProcess.js:63:2121)
	at n.fire (/opt/visual-studio-code/resources/app/out/vs/workbench/api/node/extensionHostProcess.js:63:1729)
	at f._fireDidAccept (/opt/visual-studio-code/resources/app/out/vs/workbench/api/node/extensionHostProcess.js:101:114142)
	at E.$onDidAccept (/opt/visual-studio-code/resources/app/out/vs/workbench/api/node/extensionHostProcess.js:101:112352)
	at s.N (/opt/visual-studio-code/resources/app/out/vs/workbench/api/node/extensionHostProcess.js:111:11717)
	at s.M (/opt/visual-studio-code/resources/app/out/vs/workbench/api/node/extensionHostProcess.js:111:11435)
	at s.H (/opt/visual-studio-code/resources/app/out/vs/workbench/api/node/extensionHostProcess.js:111:10516)
	at s.G (/opt/visual-studio-code/resources/app/out/vs/workbench/api/node/extensionHostProcess.js:111:9494)
	at /opt/visual-studio-code/resources/app/out/vs/workbench/api/node/extensionHostProcess.js:111:8282
	at b.invoke (/opt/visual-studio-code/resources/app/out/vs/workbench/api/node/extensionHostProcess.js:63:145)
	at d.deliver (/opt/visual-studio-code/resources/app/out/vs/workbench/api/node/extensionHostProcess.js:63:2121)
	at n.fire (/opt/visual-studio-code/resources/app/out/vs/workbench/api/node/extensionHostProcess.js:63:1729)
	at p.fire (/opt/visual-studio-code/resources/app/out/vs/workbench/api/node/extensionHostProcess.js:73:14783)
	at /opt/visual-studio-code/resources/app/out/vs/workbench/api/node/extensionHostProcess.js:127:32461
	at b.invoke (/opt/visual-studio-code/resources/app/out/vs/workbench/api/node/extensionHostProcess.js:63:145)
	at d.deliver (/opt/visual-studio-code/resources/app/out/vs/workbench/api/node/extensionHostProcess.js:63:2121)
	at n.fire (/opt/visual-studio-code/resources/app/out/vs/workbench/api/node/extensionHostProcess.js:63:1729)
	at p.fire (/opt/visual-studio-code/resources/app/out/vs/workbench/api/node/extensionHostProcess.js:73:14783)
	at MessagePortMain.<anonymous> (/opt/visual-studio-code/resources/app/out/vs/workbench/api/node/extensionHostProcess.js:127:30587)
	at MessagePortMain.emit (node:events:513:28)
	at MessagePortMain._internalPort.emit (node:electron/js2c/utility_init:2:367)]
00:31:19.812 [info] End refreshing Interpreter Kernel Picker (1687460456805)
00:31:21.006 [warn] No interpreter for Pylance for Notebook URI "~/WorkDir/MachineLearning/jupyter/salary.ipynb"
00:35:30.281 [info] Handle Execution of Cells 0,1,2,3,4,5,6,7 for ~/WorkDir/MachineLearning/jupyter/salary.ipynb
00:35:30.285 [info] Starting Kernel startUsingRemoteKernelSpec, 6cbf08d5739b3da26344c49c0265f8891ba3251e435f100e7e4b07b5f4e33af8..python3./python./.-m#ipykernel_launcher  for '~/WorkDir/MachineLearning/jupyter/salary.ipynb' (disableUI=false)
00:35:40.426 [info] Started new session 6e182cd3-34d1-4439-a3a4-0ca0189c8043
00:35:40.426 [info] Started session for kernel startUsingRemoteKernelSpec:6cbf08d5739b3da26344c49c0265f8891ba3251e435f100e7e4b07b5f4e33af8..python3./python./.-m#ipykernel_launcher
00:35:40.607 [info] Kernel acknowledged execution of cell 0 @ 1687460740590
00:35:40.691 [info] End refreshing Interpreter Kernel Picker (1687460456805)
00:35:41.249 [info] End cell 0 execution @ 1687460741243, started @ 1687460740590, elapsed time = 0.653s
00:35:41.314 [info] Kernel acknowledged execution of cell 1 @ 1687460741267
00:35:41.316 [info] End cell 1 execution @ 1687460741271, started @ 1687460741267, elapsed time = 0.004s
00:35:41.327 [info] Kernel acknowledged execution of cell 2 @ 1687460741319
00:35:41.369 [info] End cell 2 execution @ 1687460741323, started @ 1687460741319, elapsed time = 0.004s
00:35:41.381 [info] Kernel acknowledged execution of cell 3 @ 1687460741372
00:35:41.652 [info] End cell 3 execution @ 1687460741607, started @ 1687460741372, elapsed time = 0.235s
00:35:41.660 [info] Kernel acknowledged execution of cell 4 @ 1687460741655
00:35:41.702 [info] End cell 4 execution @ 1687460741658, started @ 1687460741655, elapsed time = 0.003s
00:35:41.709 [info] Kernel acknowledged execution of cell 5 @ 1687460741704
00:35:41.751 [info] End cell 5 execution @ 1687460741707, started @ 1687460741704, elapsed time = 0.003s
00:35:41.766 [info] Kernel acknowledged execution of cell 6 @ 1687460741754
00:35:44.898 [info] End cell 6 execution @ 1687460744893, started @ 1687460741754, elapsed time = 3.139s
00:35:44.917 [info] Kernel acknowledged execution of cell 7 @ 1687460744900
00:35:45.069 [info] End cell 7 execution @ 1687460745025, started @ 1687460744900, elapsed time = 0.125s
00:36:11.422 [info] Dispose Kernel '~/WorkDir/MachineLearning/jupyter/salary.ipynb' associated with '~/WorkDir/MachineLearning/jupyter/salary.ipynb'
00:36:13.463 [info] End refreshing Interpreter Kernel Picker (1687460456805)
00:36:59.751 [warn] No interpreter for Pylance for Notebook URI "~/WorkDir/MachineLearning/Machine-Learning-Specialization-Coursera/C2 - Advanced Learning Algorithms/week1/optional-labs/C2_W1_Lab01_Neurons_and_Layers.ipynb"
00:37:09.559 [info] Handle Execution of Cells 2 for ~/WorkDir/MachineLearning/Machine-Learning-Specialization-Coursera/C2 - Advanced Learning Algorithms/week1/optional-labs/C2_W1_Lab01_Neurons_and_Layers.ipynb
00:37:09.561 [info] Starting Kernel startUsingRemoteKernelSpec, 6cbf08d5739b3da26344c49c0265f8891ba3251e435f100e7e4b07b5f4e33af8..python3./python./.-m#ipykernel_launcher  for '~/WorkDir/MachineLearning/Machine-Learning-Specialization-Coursera/C2 - Advanced Learning Algorithms/week1/optional-labs/C2_W1_Lab01_Neurons_and_Layers.ipynb' (disableUI=false)
00:37:20.168 [info] Started new session 6581bdf1-bf54-40a9-a315-13299405b4c6
00:37:20.168 [info] Started session for kernel startUsingRemoteKernelSpec:6cbf08d5739b3da26344c49c0265f8891ba3251e435f100e7e4b07b5f4e33af8..python3./python./.-m#ipykernel_launcher
00:37:20.359 [info] Kernel acknowledged execution of cell 2 @ 1687460840308
00:37:20.445 [info] End refreshing Interpreter Kernel Picker (1687460456805)
00:37:25.206 [info] End cell 2 execution @ 1687460845202, started @ 1687460840308, elapsed time = 4.894s
00:37:34.022 [info] Handle Execution of Cells 2,5,8,10,12,14,16,18,20,21,24,25,26,28,30,31,33,35,37,40,41 for ~/WorkDir/MachineLearning/Machine-Learning-Specialization-Coursera/C2 - Advanced Learning Algorithms/week1/optional-labs/C2_W1_Lab01_Neurons_and_Layers.ipynb
00:37:34.044 [info] Kernel acknowledged execution of cell 2 @ 1687460854038
00:37:34.048 [info] End cell 2 execution @ 1687460854045, started @ 1687460854038, elapsed time = 0.007s
00:37:34.054 [info] Kernel acknowledged execution of cell 5 @ 1687460854051
00:37:34.268 [info] End cell 5 execution @ 1687460854224, started @ 1687460854051, elapsed time = 0.173s
00:37:34.280 [info] Kernel acknowledged execution of cell 8 @ 1687460854271
00:37:34.326 [info] End cell 8 execution @ 1687460854280, started @ 1687460854271, elapsed time = 0.009s
00:37:34.340 [info] Kernel acknowledged execution of cell 10 @ 1687460854329
00:37:34.379 [info] End cell 10 execution @ 1687460854338, started @ 1687460854329, elapsed time = 0.009s
00:37:34.431 [info] Kernel acknowledged execution of cell 12 @ 1687460854383
00:37:34.506 [info] End cell 12 execution @ 1687460854501, started @ 1687460854383, elapsed time = 0.118s
00:37:34.515 [info] Kernel acknowledged execution of cell 14 @ 1687460854511
00:37:34.562 [info] End cell 14 execution @ 1687460854517, started @ 1687460854511, elapsed time = 0.006s
00:37:34.568 [info] Kernel acknowledged execution of cell 16 @ 1687460854565
00:37:34.615 [info] End cell 16 execution @ 1687460854581, started @ 1687460854565, elapsed time = 0.016s
00:37:34.623 [info] Kernel acknowledged execution of cell 18 @ 1687460854618
00:37:34.665 [info] End cell 18 execution @ 1687460854625, started @ 1687460854618, elapsed time = 0.007s
00:37:34.676 [info] Kernel acknowledged execution of cell 20 @ 1687460854668
00:37:34.715 [info] End cell 20 execution @ 1687460854673, started @ 1687460854668, elapsed time = 0.005s
00:37:34.764 [info] Kernel acknowledged execution of cell 21 @ 1687460854717
00:37:35.165 [info] End cell 21 execution @ 1687460855160, started @ 1687460854717, elapsed time = 0.443s
00:37:35.174 [info] Kernel acknowledged execution of cell 24 @ 1687460855167
00:37:35.225 [info] End cell 24 execution @ 1687460855171, started @ 1687460855167, elapsed time = 0.004s
00:37:35.236 [info] Kernel acknowledged execution of cell 25 @ 1687460855229
00:37:35.279 [info] End cell 25 execution @ 1687460855235, started @ 1687460855229, elapsed time = 0.006s
00:37:35.318 [info] Kernel acknowledged execution of cell 26 @ 1687460855281
00:37:35.516 [info] End cell 26 execution @ 1687460855513, started @ 1687460855281, elapsed time = 0.232s
00:37:35.529 [info] Kernel acknowledged execution of cell 28 @ 1687460855518
00:37:35.572 [info] End cell 28 execution @ 1687460855553, started @ 1687460855518, elapsed time = 0.035s
00:37:35.584 [info] Kernel acknowledged execution of cell 30 @ 1687460855578
00:37:35.630 [info] End cell 30 execution @ 1687460855589, started @ 1687460855578, elapsed time = 0.011s
00:37:35.641 [info] Kernel acknowledged execution of cell 31 @ 1687460855633
00:37:35.682 [info] End cell 31 execution @ 1687460855643, started @ 1687460855633, elapsed time = 0.01s
00:37:35.687 [info] Kernel acknowledged execution of cell 33 @ 1687460855684
00:37:35.729 [info] End cell 33 execution @ 1687460855694, started @ 1687460855684, elapsed time = 0.01s
00:37:35.739 [info] Kernel acknowledged execution of cell 35 @ 1687460855731
00:37:35.934 [info] End cell 35 execution @ 1687460855931, started @ 1687460855731, elapsed time = 0.2s
00:37:35.968 [info] Kernel acknowledged execution of cell 37 @ 1687460855937
00:37:39.712 [info] End cell 37 execution @ 1687460859709, started @ 1687460855937, elapsed time = 3.772s
00:37:39.713 [info] End cell 40 execution @ undefined, started @ undefined, elapsed time = 0s
00:37:39.714 [info] End cell 41 execution @ undefined, started @ undefined, elapsed time = 0s
00:43:00.938 [info] Restart requested ~/WorkDir/MachineLearning/Machine-Learning-Specialization-Coursera/C2 - Advanced Learning Algorithms/week1/optional-labs/C2_W1_Lab01_Neurons_and_Layers.ipynb
00:43:02.495 [info] Started new session 6581bdf1-bf54-40a9-a315-13299405b4c6
00:43:02.496 [info] Restarted 6581bdf1-bf54-40a9-a315-13299405b4c6
